<?xml version="1.0" encoding="UTF-8"?>
<testng-results skipped="0" failed="0" total="1" passed="1">
  <reporter-output>
  </reporter-output>
  <suite name="Suite" duration-ms="11799" started-at="2020-05-25T04:00:41Z" finished-at="2020-05-25T04:00:53Z">
    <groups>
    </groups>
    <test name="Test" duration-ms="11799" started-at="2020-05-25T04:00:41Z" finished-at="2020-05-25T04:00:53Z">
      <class name="AutotraderPackage.AutotraderTest">
        <test-method status="PASS" signature="beforeTest()[pri:0, instance:AutotraderPackage.AutotraderTest@4cb2c100]" name="beforeTest" is-config="true" duration-ms="4801" started-at="2020-05-25T00:00:41Z" finished-at="2020-05-25T00:00:46Z">
          <reporter-output>
          </reporter-output>
        </test-method> <!-- beforeTest -->
        <test-method status="PASS" signature="AutotraderSite()[pri:0, instance:AutotraderPackage.AutotraderTest@4cb2c100]" name="AutotraderSite" duration-ms="2307" started-at="2020-05-25T00:00:46Z" finished-at="2020-05-25T00:00:48Z">
          <reporter-output>
          </reporter-output>
        </test-method> <!-- AutotraderSite -->
        <test-method status="PASS" signature="afterTest()[pri:0, instance:AutotraderPackage.AutotraderTest@4cb2c100]" name="afterTest" is-config="true" duration-ms="4683" started-at="2020-05-25T00:00:48Z" finished-at="2020-05-25T00:00:53Z">
          <reporter-output>
          </reporter-output>
        </test-method> <!-- afterTest -->
      </class> <!-- AutotraderPackage.AutotraderTest -->
    </test> <!-- Test -->
  </suite> <!-- Suite -->
</testng-results>
